<?xml version="1.0" encoding="UTF-8"?>
<!-- Generated by org.testng.reporters.JUnitXMLReporter -->
<testsuite hostname="Networking" ignored="1" name="Default test" tests="2" failures="0" timestamp="18 Aug 2020 04:14:50 GMT" time="26.694" errors="0">
  <testcase name="c" time="3.619" classname="Testpackage.FirstTestCase"/>
  <testcase name="b" time="3.878" classname="Testpackage.FirstTestCase"/>
  <testcase name="a" time="0.0" classname="Testpackage.FirstTestCase">
    <ignored/>
  </testcase> <!-- a -->
</testsuite> <!-- Default test -->
