<?xml version="1.0" encoding="UTF-8"?>
<!-- Generated by org.testng.reporters.JUnitXMLReporter -->
<testsuite hostname="Networking" ignored="4" name="Test2" tests="2" failures="0" timestamp="19 Aug 2020 04:10:17 GMT" time="23.589" errors="0">
  <testcase name="b" time="3.53" classname="Testpackage2.TestCase3"/>
  <testcase name="c" time="4.406" classname="Testpackage2.TestCase2"/>
  <testcase name="@BeforeSuite beforesuite" time="0.0" classname="Testpackage2.BaseTest">
    <ignored/>
  </testcase> <!-- @BeforeSuite beforesuite -->
  <testcase name="@AfterTest AfterTest" time="0.0" classname="Testpackage2.BaseTest">
    <ignored/>
  </testcase> <!-- @AfterTest AfterTest -->
  <testcase name="@BeforeTest beforeTest" time="0.0" classname="Testpackage2.BaseTest">
    <ignored/>
  </testcase> <!-- @BeforeTest beforeTest -->
  <testcase name="@AfterSuite Aftersuite" time="0.0" classname="Testpackage2.BaseTest">
    <ignored/>
  </testcase> <!-- @AfterSuite Aftersuite -->
</testsuite> <!-- Test2 -->
