<?xml version="1.0" encoding="UTF-8"?>
<!-- Generated by org.testng.reporters.JUnitXMLReporter -->
<testsuite hostname="Networking" ignored="0" name="Test" tests="2" failures="1" timestamp="19 Aug 2020 04:15:04 GMT" time="15.362" errors="0">
  <testcase name="x" time="3.924" classname="Testpackage2.TestCase1">
    <failure type="java.lang.AssertionError" message="The following asserts failed:
	expected [Yahoo] but found [Google]">
      <![CDATA[java.lang.AssertionError: The following asserts failed:
	expected [Yahoo] but found [Google]
	at Testpackage2.TestCase1.x(TestCase1.java:63)
... Removed 26 stack frames]]>
    </failure>
  </testcase> <!-- x -->
  <testcase name="a" time="0.0" classname="Testpackage2.TestCase1">
    <skipped/>
  </testcase> <!-- a -->
</testsuite> <!-- Test -->
