<?xml version="1.0" encoding="UTF-8"?>
<!-- Generated by org.testng.reporters.JUnitXMLReporter -->
<testsuite hostname="Networking" ignored="8" name="Test1" tests="3" failures="0" timestamp="19 Aug 2020 04:09:53 GMT" time="38.527" errors="0">
  <testcase name="b" time="4.187" classname="Testpackage2.TestCase3"/>
  <testcase name="c" time="3.612" classname="Testpackage2.TestCase2"/>
  <testcase name="a" time="3.251" classname="Testpackage2.TestCase1"/>
  <testcase name="@BeforeSuite beforesuite" time="0.0" classname="Testpackage2.BaseTest">
    <ignored/>
  </testcase> <!-- @BeforeSuite beforesuite -->
  <testcase name="@BeforeSuite beforesuite" time="0.0" classname="Testpackage2.BaseTest">
    <ignored/>
  </testcase> <!-- @BeforeSuite beforesuite -->
  <testcase name="@AfterTest AfterTest" time="0.0" classname="Testpackage2.BaseTest">
    <ignored/>
  </testcase> <!-- @AfterTest AfterTest -->
  <testcase name="@AfterTest AfterTest" time="0.0" classname="Testpackage2.BaseTest">
    <ignored/>
  </testcase> <!-- @AfterTest AfterTest -->
  <testcase name="@BeforeTest beforeTest" time="0.0" classname="Testpackage2.BaseTest">
    <ignored/>
  </testcase> <!-- @BeforeTest beforeTest -->
  <testcase name="@BeforeTest beforeTest" time="0.0" classname="Testpackage2.BaseTest">
    <ignored/>
  </testcase> <!-- @BeforeTest beforeTest -->
  <testcase name="@AfterSuite Aftersuite" time="0.0" classname="Testpackage2.BaseTest">
    <ignored/>
  </testcase> <!-- @AfterSuite Aftersuite -->
  <testcase name="@AfterSuite Aftersuite" time="0.0" classname="Testpackage2.BaseTest">
    <ignored/>
  </testcase> <!-- @AfterSuite Aftersuite -->
</testsuite> <!-- Test1 -->
