<?xml version="1.0" encoding="UTF-8"?>
<!-- Generated by org.testng.reporters.JUnitXMLReporter -->
<testsuite hostname="Networking" ignored="0" name="suiteTest1" tests="5" failures="1" timestamp="19 Aug 2020 04:55:24 GMT" time="51.711" errors="0">
  <testcase name="q" time="0.018" classname="Testpackage2.TestCase1"/>
  <testcase name="r" time="0.003" classname="Testpackage2.TestCase1"/>
  <testcase name="x" time="3.869" classname="Testpackage2.TestCase1"/>
  <testcase name="p" time="0.004" classname="Testpackage2.TestCase1"/>
  <testcase name="a" time="3.482" classname="Testpackage2.TestCase1">
    <failure type="java.lang.AssertionError" message="The following asserts failed:
	expected [Yahoo] but found [Google]">
      <![CDATA[java.lang.AssertionError: The following asserts failed:
	expected [Yahoo] but found [Google]
	at Testpackage2.TestCase1.a(TestCase1.java:39)
... Removed 26 stack frames]]>
    </failure>
  </testcase> <!-- a -->
</testsuite> <!-- suiteTest1 -->
