<?xml version="1.0" encoding="UTF-8"?>
<!-- Generated by org.testng.reporters.JUnitXMLReporter -->
<testsuite hostname="Networking" ignored="0" name="suiteTest1" tests="5" failures="0" timestamp="26 Aug 2020 03:54:31 GMT" time="37.853" errors="0">
  <testcase name="executeTest" time="15.181" classname="parallelTest.TestInvocation"/>
  <testcase name="executeTest" time="15.181" classname="parallelTest.TestInvocation"/>
  <testcase name="executeTest" time="13.74" classname="parallelTest.TestInvocation"/>
  <testcase name="executeTest" time="13.752" classname="parallelTest.TestInvocation"/>
  <testcase name="executeTest" time="8.822" classname="parallelTest.TestInvocation"/>
</testsuite> <!-- suiteTest1 -->
