<?xml version="1.0" encoding="UTF-8"?>
<testng-results skipped="0" failed="0" ignored="1" total="3" passed="2">
  <reporter-output>
  </reporter-output>
  <suite name="Default suite" duration-ms="26694" started-at="2020-08-18T04:14:23Z" finished-at="2020-08-18T04:14:50Z">
    <groups>
    </groups>
    <test name="Default test" duration-ms="26694" started-at="2020-08-18T04:14:23Z" finished-at="2020-08-18T04:14:50Z">
      <class name="Testpackage.FirstTestCase">
        <test-method status="PASS" signature="beforesuite()[pri:0, instance:Testpackage.FirstTestCase@d2cc05a]" name="beforesuite" is-config="true" duration-ms="30" started-at="2020-08-18T09:44:23Z" finished-at="2020-08-18T09:44:23Z">
          <reporter-output>
          </reporter-output>
        </test-method> <!-- beforesuite -->
        <test-method status="PASS" signature="beforeTest()[pri:0, instance:Testpackage.FirstTestCase@d2cc05a]" name="beforeTest" is-config="true" duration-ms="4" started-at="2020-08-18T09:44:23Z" finished-at="2020-08-18T09:44:23Z">
          <reporter-output>
          </reporter-output>
        </test-method> <!-- beforeTest -->
        <test-method status="PASS" signature="beforeclass()[pri:0, instance:Testpackage.FirstTestCase@d2cc05a]" name="beforeclass" is-config="true" duration-ms="1" started-at="2020-08-18T09:44:23Z" finished-at="2020-08-18T09:44:23Z">
          <reporter-output>
          </reporter-output>
        </test-method> <!-- beforeclass -->
        <test-method status="PASS" signature="openBrowser()[pri:0, instance:Testpackage.FirstTestCase@d2cc05a]" name="openBrowser" is-config="true" duration-ms="7153" started-at="2020-08-18T09:44:23Z" finished-at="2020-08-18T09:44:30Z">
          <reporter-output>
          </reporter-output>
        </test-method> <!-- openBrowser -->
        <test-method status="PASS" signature="c()[pri:1, instance:Testpackage.FirstTestCase@d2cc05a]" name="c" duration-ms="3619" started-at="2020-08-18T09:44:30Z" finished-at="2020-08-18T09:44:34Z">
          <reporter-output>
          </reporter-output>
        </test-method> <!-- c -->
        <test-method status="PASS" signature="tearDown()[pri:0, instance:Testpackage.FirstTestCase@d2cc05a]" name="tearDown" is-config="true" duration-ms="3983" started-at="2020-08-18T09:44:34Z" finished-at="2020-08-18T09:44:38Z">
          <reporter-output>
          </reporter-output>
        </test-method> <!-- tearDown -->
        <test-method status="PASS" signature="openBrowser()[pri:0, instance:Testpackage.FirstTestCase@d2cc05a]" name="openBrowser" is-config="true" duration-ms="3819" started-at="2020-08-18T09:44:38Z" finished-at="2020-08-18T09:44:42Z">
          <reporter-output>
          </reporter-output>
        </test-method> <!-- openBrowser -->
        <test-method status="PASS" signature="b()[pri:3, instance:Testpackage.FirstTestCase@d2cc05a]" name="b" duration-ms="3878" started-at="2020-08-18T09:44:42Z" finished-at="2020-08-18T09:44:46Z">
          <reporter-output>
          </reporter-output>
        </test-method> <!-- b -->
        <test-method status="PASS" signature="tearDown()[pri:0, instance:Testpackage.FirstTestCase@d2cc05a]" name="tearDown" is-config="true" duration-ms="4156" started-at="2020-08-18T09:44:46Z" finished-at="2020-08-18T09:44:50Z">
          <reporter-output>
          </reporter-output>
        </test-method> <!-- tearDown -->
        <test-method status="PASS" signature="Afterclass()[pri:0, instance:Testpackage.FirstTestCase@d2cc05a]" name="Afterclass" is-config="true" duration-ms="1" started-at="2020-08-18T09:44:50Z" finished-at="2020-08-18T09:44:50Z">
          <reporter-output>
          </reporter-output>
        </test-method> <!-- Afterclass -->
        <test-method status="PASS" signature="AfterTest()[pri:0, instance:Testpackage.FirstTestCase@d2cc05a]" name="AfterTest" is-config="true" duration-ms="0" started-at="2020-08-18T09:44:50Z" finished-at="2020-08-18T09:44:50Z">
          <reporter-output>
          </reporter-output>
        </test-method> <!-- AfterTest -->
        <test-method status="PASS" signature="Aftersuite()[pri:0, instance:Testpackage.FirstTestCase@d2cc05a]" name="Aftersuite" is-config="true" duration-ms="1" started-at="2020-08-18T09:44:50Z" finished-at="2020-08-18T09:44:50Z">
          <reporter-output>
          </reporter-output>
        </test-method> <!-- Aftersuite -->
      </class> <!-- Testpackage.FirstTestCase -->
    </test> <!-- Default test -->
  </suite> <!-- Default suite -->
</testng-results>
